[19:49:35] [ServerMain/INFO]: Building unoptimized datafixer
[19:49:37] [ServerMain/INFO]: Environment: authHost='https://authserver.mojang.com', accountsHost='https://api.mojang.com', sessionHost='https://sessionserver.mojang.com', servicesHost='https://api.minecraftservices.com', name='PROD'
[19:49:39] [ServerMain/INFO]: Loaded 7 recipes
[19:49:40] [Server thread/INFO]: Starting minecraft server version 1.19.3
[19:49:40] [Server thread/INFO]: Loading properties
[19:49:40] [Server thread/INFO]: This server is running Paper version git-Paper-364 (MC: 1.19.3) (Implementing API version 1.19.3-R0.1-SNAPSHOT) (Git: fa42c68)
[19:49:40] [Server thread/INFO]: Server Ping Player Sample Count: 12
[19:49:40] [Server thread/INFO]: Using 4 threads for Netty based IO
[19:49:41] [Server thread/INFO]: [ChunkTaskScheduler] Chunk system is using 1 I/O threads, 1 worker threads, and gen parallelism of 1 threads
[19:49:41] [Server thread/INFO]: Default game type: SURVIVAL
[19:49:41] [Server thread/INFO]: Generating keypair
[19:49:41] [Server thread/INFO]: Starting Minecraft server on *:25565
[19:49:41] [Server thread/INFO]: Using default channel type
[19:49:41] [Server thread/INFO]: Paper: Using Java compression from Velocity.
[19:49:41] [Server thread/INFO]: Paper: Using Java cipher from Velocity.
[19:49:41] [Server thread/INFO]: Server permissions file permissions.yml is empty, ignoring it
[19:49:41] [Server thread/INFO]: Preparing level "world"
[19:49:43] [Server thread/INFO]: Preparing start region for dimension minecraft:overworld
[19:49:43] [Server thread/INFO]: Time elapsed: 140 ms
[19:49:43] [Server thread/INFO]: Preparing start region for dimension minecraft:the_nether
[19:49:43] [Server thread/INFO]: Time elapsed: 40 ms
[19:49:43] [Server thread/INFO]: Preparing start region for dimension minecraft:the_end
[19:49:43] [Server thread/INFO]: Time elapsed: 30 ms
[19:49:43] [Server thread/INFO]: Running delayed init tasks
[19:49:43] [Server thread/INFO]: Done (2.563s)! For help, type "help"
[19:49:43] [Server thread/INFO]: Timings Reset
[19:49:52] [Server thread/INFO]: Stopping the server
[19:49:52] [Server thread/INFO]: Stopping server
[19:49:52] [Server thread/INFO]: Saving players
[19:49:52] [Server thread/INFO]: Saving worlds
[19:49:52] [Server thread/INFO]: Saving chunks for level 'ServerLevel[world]'/minecraft:overworld
[19:49:52] [Server thread/INFO]: [ChunkHolderManager] Waiting 60s for chunk system to halt for world 'world'
[19:49:52] [Server thread/INFO]: [ChunkHolderManager] Halted chunk system for world 'world'
[19:49:52] [Server thread/INFO]: [ChunkHolderManager] Saving all chunkholders for world 'world'
[19:49:53] [Server thread/INFO]: [ChunkHolderManager] Saved 506 block chunks, 1 entity chunks, 0 poi chunks in world 'world' in 1.16s
[19:49:53] [Server thread/INFO]: ThreadedAnvilChunkStorage (world): All chunks are saved
[19:49:53] [Server thread/INFO]: Saving chunks for level 'ServerLevel[world_nether]'/minecraft:the_nether
[19:49:53] [Server thread/INFO]: [ChunkHolderManager] Waiting 60s for chunk system to halt for world 'world_nether'
[19:49:53] [Server thread/INFO]: [ChunkHolderManager] Halted chunk system for world 'world_nether'
[19:49:53] [Server thread/INFO]: [ChunkHolderManager] Saving all chunkholders for world 'world_nether'
[19:49:54] [Server thread/INFO]: [ChunkHolderManager] Saved 274 block chunks, 1 entity chunks, 0 poi chunks in world 'world_nether' in 0.40s
[19:49:54] [Server thread/INFO]: ThreadedAnvilChunkStorage (DIM-1): All chunks are saved
[19:49:54] [Server thread/INFO]: Saving chunks for level 'ServerLevel[world_the_end]'/minecraft:the_end
[19:49:54] [Server thread/INFO]: [ChunkHolderManager] Waiting 60s for chunk system to halt for world 'world_the_end'
[19:49:54] [Server thread/INFO]: [ChunkHolderManager] Halted chunk system for world 'world_the_end'
[19:49:54] [Server thread/INFO]: [ChunkHolderManager] Saving all chunkholders for world 'world_the_end'
[19:49:54] [Server thread/INFO]: [ChunkHolderManager] Saved 537 block chunks, 289 entity chunks, 0 poi chunks in world 'world_the_end' in 0.39s
[19:49:54] [Server thread/INFO]: ThreadedAnvilChunkStorage (DIM1): All chunks are saved
[19:49:54] [Server thread/INFO]: ThreadedAnvilChunkStorage: All dimensions are saved
[19:49:54] [Server thread/INFO]: Flushing Chunk IO
[19:49:54] [Server thread/INFO]: Closing Thread Pool
[19:49:57] [Server thread/INFO]: Closing Server
